Started GET "/" for ::1 at 2024-04-10 16:29:07 -0400
  [1m[35m (6.0ms)[0m  [1m[35mCREATE TABLE "schema_migrations" ("version" varchar NOT NULL PRIMARY KEY)[0m
  [1m[35m (0.1ms)[0m  [1m[35mCREATE TABLE "ar_internal_metadata" ("key" varchar NOT NULL PRIMARY KEY, "value" varchar, "created_at" datetime(6) NOT NULL, "updated_at" datetime(6) NOT NULL)[0m
  [1m[36mActiveRecord::SchemaMigration Load (0.1ms)[0m  [1m[34mSELECT "schema_migrations"."version" FROM "schema_migrations" ORDER BY "schema_migrations"."version" ASC[0m
Processing by Rails::WelcomeController#index as HTML
  Rendering /home/rafacamp04/.rbenv/versions/3.1.1/lib/ruby/gems/3.1.0/gems/railties-7.1.3.2/lib/rails/templates/rails/welcome/index.html.erb
  Rendered /home/rafacamp04/.rbenv/versions/3.1.1/lib/ruby/gems/3.1.0/gems/railties-7.1.3.2/lib/rails/templates/rails/welcome/index.html.erb (Duration: 0.6ms | Allocations: 353)
Completed 200 OK in 26ms (Views: 9.0ms | ActiveRecord: 0.0ms | Allocations: 6954)


Started GET "/users" for ::1 at 2024-04-10 16:33:04 -0400

AbstractController::ActionNotFound - The action 'index' could not be found for UsersController:

Started GET "/users" for ::1 at 2024-04-10 16:35:50 -0400
Processing by UsersController#index as */*
Completed 500 Internal Server Error in 2ms (ActiveRecord: 0.0ms | Allocations: 3102)



NameError - uninitialized constant UsersController::User
        @users = User.all
                 ^^^^:
  app/controllers/users_controller.rb:5:in `index'

Started GET "/users" for ::1 at 2024-04-10 16:36:58 -0400
Processing by UsersController#index as */*
No template found for UsersController#index, rendering head :no_content
Completed 204 No Content in 1ms (ActiveRecord: 0.0ms | Allocations: 507)


Started GET "/users" for ::1 at 2024-04-10 16:37:07 -0400
Processing by UsersController#index as */*
No template found for UsersController#index, rendering head :no_content
Completed 204 No Content in 1ms (ActiveRecord: 0.0ms | Allocations: 137)


Started GET "/users" for ::1 at 2024-04-10 16:38:29 -0400
Processing by UsersController#index as */*
  Rendering text template
  Rendered text template (Duration: 0.0ms | Allocations: 3)
Completed 200 OK in 3ms (Views: 2.7ms | ActiveRecord: 0.0ms | Allocations: 681)


  [1m[36mActiveRecord::InternalMetadata Load (0.2ms)[0m  [1m[34mSELECT * FROM "ar_internal_metadata" WHERE "ar_internal_metadata"."key" = ? ORDER BY "ar_internal_metadata"."key" ASC LIMIT 1[0m  [[nil, "environment"]]
  [1m[36mActiveRecord::InternalMetadata Create (8.5ms)[0m  [1m[32mINSERT INTO "ar_internal_metadata" ("key", "value", "created_at", "updated_at") VALUES ('environment', 'development', '2024-04-10 21:36:36.067419', '2024-04-10 21:36:36.067422') RETURNING "key"[0m
  [1m[36mActiveRecord::SchemaMigration Load (0.3ms)[0m  [1m[34mSELECT "schema_migrations"."version" FROM "schema_migrations" ORDER BY "schema_migrations"."version" ASC[0m
Migrating to CreateUsers (20240410213449)
  [1m[36mTRANSACTION (0.1ms)[0m  [1m[36mbegin transaction[0m
  [1m[35m (1.1ms)[0m  [1m[35mCREATE TABLE "users" ("id" integer PRIMARY KEY AUTOINCREMENT NOT NULL, "name" varchar NOT NULL, "email" varchar NOT NULL, "created_at" datetime(6) NOT NULL, "updated_at" datetime(6) NOT NULL)[0m
  [1m[36mActiveRecord::SchemaMigration Create (0.1ms)[0m  [1m[32mINSERT INTO "schema_migrations" ("version") VALUES ('20240410213449') RETURNING "version"[0m
  [1m[36mTRANSACTION (0.1ms)[0m  [1m[36mcommit transaction[0m
  [1m[36mActiveRecord::SchemaMigration Load (0.1ms)[0m  [1m[34mSELECT "schema_migrations"."version" FROM "schema_migrations" ORDER BY "schema_migrations"."version" ASC[0m
Started GET "/users" for ::1 at 2024-04-10 17:42:16 -0400
  [1m[36mActiveRecord::SchemaMigration Load (0.1ms)[0m  [1m[34mSELECT "schema_migrations"."version" FROM "schema_migrations" ORDER BY "schema_migrations"."version" ASC[0m
Processing by UsersController#index as */*
  [1m[36mUser Load (0.1ms)[0m  [1m[34mSELECT "users".* FROM "users"[0m
  ↳ app/controllers/users_controller.rb:6:in `index'
Completed 200 OK in 29ms (Views: 1.2ms | ActiveRecord: 1.7ms | Allocations: 10158)


Started GET "/users" for ::1 at 2024-04-10 17:46:42 -0400
Processing by UsersController#index as */*
  [1m[36mUser Load (0.1ms)[0m  [1m[34mSELECT "users".* FROM "users"[0m
  ↳ app/controllers/users_controller.rb:6:in `index'
Completed 200 OK in 3ms (Views: 0.9ms | ActiveRecord: 1.0ms | Allocations: 2137)


Started POST "/users" for ::1 at 2024-04-10 17:47:06 -0400
Processing by UsersController#create as */*
Completed 400 Bad Request in 1ms (ActiveRecord: 0.0ms | Allocations: 1107)



ActionController::ParameterMissing - param is missing or the value is empty: user:
  app/controllers/users_controller.rb:10:in `create'

Started POST "/users" for ::1 at 2024-04-10 17:49:32 -0400
Processing by UsersController#create as */*
Completed 400 Bad Request in 1ms (ActiveRecord: 0.0ms | Allocations: 1600)



ActionController::ParameterMissing - param is missing or the value is empty: user:
  app/controllers/users_controller.rb:10:in `create'

Started POST "/users?name=Katie&email=katie@gmail" for ::1 at 2024-04-10 17:53:52 -0400
Processing by UsersController#create as */*
  Parameters: {"name"=>"Katie", "email"=>"katie@gmail"}
Completed 400 Bad Request in 1ms (ActiveRecord: 0.0ms | Allocations: 997)



ActionController::ParameterMissing - param is missing or the value is empty: user:
  app/controllers/users_controller.rb:10:in `create'

Started POST "/users?name=Katie" for ::1 at 2024-04-10 17:54:10 -0400
Processing by UsersController#create as */*
  Parameters: {"name"=>"Katie"}
Completed 400 Bad Request in 2ms (ActiveRecord: 0.0ms | Allocations: 985)



ActionController::ParameterMissing - param is missing or the value is empty: user:
  app/controllers/users_controller.rb:10:in `create'

Started POST "/users" for ::1 at 2024-04-10 17:59:10 -0400
Processing by UsersController#create as */*
  Parameters: {"name"=>"Katie"}
Completed 400 Bad Request in 2ms (ActiveRecord: 0.0ms | Allocations: 1602)



ActionController::ParameterMissing - param is missing or the value is empty: user:
  app/controllers/users_controller.rb:10:in `create'

Started POST "/users" for ::1 at 2024-04-10 18:00:40 -0400
Processing by UsersController#create as */*
  Parameters: {"user"=>{"name"=>"Katie"}}
Completed 422 Unprocessable Entity in 22ms (Views: 0.3ms | ActiveRecord: 2.9ms | Allocations: 13592)


Started POST "/users" for ::1 at 2024-04-10 18:04:32 -0400
Processing by UsersController#create as */*
  Parameters: {"user"=>{"name"=>"Katie", "email"=>"katie@gmail"}}
  [1m[36mTRANSACTION (0.1ms)[0m  [1m[36mbegin transaction[0m
  ↳ app/controllers/users_controller.rb:12:in `create'
  [1m[36mUser Create (4.2ms)[0m  [1m[32mINSERT INTO "users" ("name", "email", "created_at", "updated_at") VALUES (?, ?, ?, ?) RETURNING "id"[0m  [["name", "Katie"], ["email", "katie@gmail"], ["created_at", "2024-04-10 22:04:32.591086"], ["updated_at", "2024-04-10 22:04:32.591086"]]
  ↳ app/controllers/users_controller.rb:12:in `create'
  [1m[36mTRANSACTION (8.5ms)[0m  [1m[36mcommit transaction[0m
  ↳ app/controllers/users_controller.rb:12:in `create'
Completed 200 OK in 22ms (Views: 0.4ms | ActiveRecord: 12.6ms | Allocations: 4115)


Started PATCH "/users/1" for ::1 at 2024-04-10 18:08:19 -0400
Processing by UsersController#update as */*
  Parameters: {"user"=>{"name"=>"Rafael", "email"=>"rafa@gmail"}, "id"=>"1"}
  [1m[36mUser Load (0.1ms)[0m  [1m[34mSELECT "users".* FROM "users" WHERE "users"."id" = ? LIMIT ?[0m  [["id", 1], ["LIMIT", 1]]
  ↳ app/controllers/users_controller.rb:27:in `update'
Completed 500 Internal Server Error in 15ms (ActiveRecord: 2.1ms | Allocations: 12526)



NameError - undefined local variable or method `user' for #<UsersController:0x0000000001a158>
        if user.update(params.require(:user).permit(:name, :email))
           ^^^^
Did you mean?  @user:
  app/controllers/users_controller.rb:29:in `update'

Started PATCH "/users/1" for ::1 at 2024-04-10 18:08:46 -0400
Processing by UsersController#update as */*
  Parameters: {"user"=>{"name"=>"Rafael", "email"=>"rafa@gmail"}, "id"=>"1"}
  [1m[36mUser Load (0.2ms)[0m  [1m[34mSELECT "users".* FROM "users" WHERE "users"."id" = ? LIMIT ?[0m  [["id", 1], ["LIMIT", 1]]
  ↳ app/controllers/users_controller.rb:27:in `update'
  [1m[36mTRANSACTION (0.1ms)[0m  [1m[36mbegin transaction[0m
  ↳ app/controllers/users_controller.rb:29:in `update'
  [1m[36mUser Update (1.6ms)[0m  [1m[33mUPDATE "users" SET "name" = ?, "email" = ?, "updated_at" = ? WHERE "users"."id" = ?[0m  [["name", "Rafael"], ["email", "rafa@gmail"], ["updated_at", "2024-04-10 22:08:46.414567"], ["id", 1]]
  ↳ app/controllers/users_controller.rb:29:in `update'
  [1m[36mTRANSACTION (8.0ms)[0m  [1m[36mcommit transaction[0m
  ↳ app/controllers/users_controller.rb:29:in `update'
Redirected to http://localhost:3000/users/1
Completed 302 Found in 26ms (ActiveRecord: 11.9ms | Allocations: 8464)


Started GET "/users/1" for ::1 at 2024-04-10 18:08:46 -0400
Processing by UsersController#show as */*
  Parameters: {"id"=>"1"}
Completed 200 OK in 1ms (Views: 0.2ms | ActiveRecord: 0.0ms | Allocations: 186)


Started PATCH "/users/2" for ::1 at 2024-04-10 18:09:44 -0400
Processing by UsersController#update as */*
  Parameters: {"user"=>{"name"=>"Rafael", "email"=>"rafa@gmail"}, "id"=>"2"}
  [1m[36mUser Load (0.2ms)[0m  [1m[34mSELECT "users".* FROM "users" WHERE "users"."id" = ? LIMIT ?[0m  [["id", 2], ["LIMIT", 1]]
  ↳ app/controllers/users_controller.rb:27:in `update'
Completed 404 Not Found in 2ms (ActiveRecord: 0.2ms | Allocations: 1494)



ActiveRecord::RecordNotFound - Couldn't find User with 'id'=2:
  app/controllers/users_controller.rb:27:in `update'

Started PATCH "/users/1" for ::1 at 2024-04-10 18:09:55 -0400
Processing by UsersController#update as */*
  Parameters: {"user"=>{"name"=>"Rafael", "email"=>"rafa@gmail"}, "id"=>"1"}
  [1m[36mUser Load (0.1ms)[0m  [1m[34mSELECT "users".* FROM "users" WHERE "users"."id" = ? LIMIT ?[0m  [["id", 1], ["LIMIT", 1]]
  ↳ app/controllers/users_controller.rb:27:in `update'
Redirected to http://localhost:3000/users/1
Completed 302 Found in 2ms (ActiveRecord: 0.1ms | Allocations: 807)


Started GET "/users/1" for ::1 at 2024-04-10 18:09:55 -0400
Processing by UsersController#show as */*
  Parameters: {"id"=>"1"}
Completed 200 OK in 1ms (Views: 0.1ms | ActiveRecord: 0.0ms | Allocations: 104)


Started DELETE "/users/1" for ::1 at 2024-04-10 18:13:24 -0400
Processing by UsersController#destroy as */*
  Parameters: {"user"=>{"name"=>"Rafael", "email"=>"rafa@gmail"}, "id"=>"1"}
  [1m[36mUser Load (0.2ms)[0m  [1m[34mSELECT "users".* FROM "users" WHERE "users"."id" = ? LIMIT ?[0m  [["id", 1], ["LIMIT", 1]]
  ↳ app/controllers/users_controller.rb:38:in `destroy'
  [1m[36mTRANSACTION (0.1ms)[0m  [1m[36mbegin transaction[0m
  ↳ app/controllers/users_controller.rb:39:in `destroy'
  [1m[36mUser Destroy (1.6ms)[0m  [1m[31mDELETE FROM "users" WHERE "users"."id" = ?[0m  [["id", 1]]
  ↳ app/controllers/users_controller.rb:39:in `destroy'
  [1m[36mTRANSACTION (4.0ms)[0m  [1m[36mcommit transaction[0m
  ↳ app/controllers/users_controller.rb:39:in `destroy'
Completed 200 OK in 28ms (Views: 0.8ms | ActiveRecord: 7.8ms | Allocations: 7728)


Started GET "/users/1" for ::1 at 2024-04-10 18:14:19 -0400
Processing by UsersController#show as */*
  Parameters: {"user"=>{"name"=>"Rafael", "email"=>"rafa@gmail"}, "id"=>"1"}
Completed 200 OK in 1ms (Views: 0.2ms | ActiveRecord: 0.0ms | Allocations: 119)


Started GET "/users/1" for ::1 at 2024-04-10 18:14:36 -0400
Processing by UsersController#show as */*
  Parameters: {"id"=>"1"}
Completed 200 OK in 0ms (Views: 0.1ms | ActiveRecord: 0.0ms | Allocations: 104)


Started GET "/users/1" for ::1 at 2024-04-10 18:14:52 -0400
Processing by UsersController#show as */*
  Parameters: {"user"=>{"name"=>"Rafael", "email"=>"rafa@gmail"}, "id"=>"1"}
Completed 200 OK in 1ms (Views: 0.3ms | ActiveRecord: 0.0ms | Allocations: 109)


Started DELETE "/users/1" for ::1 at 2024-04-10 18:15:19 -0400
Processing by UsersController#destroy as */*
  Parameters: {"id"=>"1"}
  [1m[36mUser Load (0.1ms)[0m  [1m[34mSELECT "users".* FROM "users" WHERE "users"."id" = ? LIMIT ?[0m  [["id", 1], ["LIMIT", 1]]
  ↳ app/controllers/users_controller.rb:38:in `destroy'
Completed 404 Not Found in 2ms (ActiveRecord: 0.1ms | Allocations: 1492)



ActiveRecord::RecordNotFound - Couldn't find User with 'id'=1:
  app/controllers/users_controller.rb:38:in `destroy'

Started GET "/users" for ::1 at 2024-04-10 18:15:43 -0400
Processing by UsersController#index as */*
  [1m[36mUser Load (0.1ms)[0m  [1m[34mSELECT "users".* FROM "users"[0m
  ↳ app/controllers/users_controller.rb:6:in `index'
Completed 200 OK in 2ms (Views: 1.1ms | ActiveRecord: 0.1ms | Allocations: 786)


Started POST "/users" for ::1 at 2024-04-10 18:17:35 -0400
Processing by UsersController#create as */*
  Parameters: {"user"=>{"name"=>"Rafael", "email"=>"rafa@gmail"}}
  [1m[36mTRANSACTION (0.1ms)[0m  [1m[36mbegin transaction[0m
  ↳ app/controllers/users_controller.rb:12:in `create'
  [1m[36mUser Create (1.0ms)[0m  [1m[32mINSERT INTO "users" ("name", "email", "created_at", "updated_at") VALUES (?, ?, ?, ?) RETURNING "id"[0m  [["name", "Rafael"], ["email", "rafa@gmail"], ["created_at", "2024-04-10 22:17:35.757550"], ["updated_at", "2024-04-10 22:17:35.757550"]]
  ↳ app/controllers/users_controller.rb:12:in `create'
  [1m[36mTRANSACTION (3.1ms)[0m  [1m[36mcommit transaction[0m
  ↳ app/controllers/users_controller.rb:12:in `create'
Completed 200 OK in 15ms (Views: 0.5ms | ActiveRecord: 6.3ms | Allocations: 6121)


Started GET "/users" for ::1 at 2024-04-10 18:17:52 -0400
Processing by UsersController#index as */*
  Parameters: {"user"=>{"name"=>"Rafael", "email"=>"rafa@gmail"}}
  [1m[36mUser Load (0.2ms)[0m  [1m[34mSELECT "users".* FROM "users"[0m
  ↳ app/controllers/users_controller.rb:6:in `index'
Completed 200 OK in 2ms (Views: 1.5ms | ActiveRecord: 0.2ms | Allocations: 990)


